# JRE version: Java(TM) SE Runtime Environment (8.0_101-b13) (build 1.8.0_101-b13)
# Java VM: Java HotSpot(TM) 64-Bit Server VM (25.101-b13 mixed mode linux-amd64 compressed oops)
Heap:
 PSYoungGen      total 180736K, used 19964K [0x0000000788400000, 0x0000000796300000, 0x00000007c0000000)
  eden space 160768K, 0% used [0x0000000788400000,0x0000000788400000,0x0000000792100000)
  from space 19968K, 99% used [0x0000000794f80000,0x00000007962ff058,0x0000000796300000)
  to   space 16384K, 0% used [0x0000000792100000,0x0000000792100000,0x0000000793100000)
 ParOldGen       total 91648K, used 60134K [0x0000000718c00000, 0x000000071e580000, 0x0000000788400000)
  object space 91648K, 65% used [0x0000000718c00000,0x000000071c6b9b40,0x000000071e580000)
 Metaspace       used 28257K, capacity 28868K, committed 29056K, reserved 1075200K
  class space    used 3256K, capacity 3422K, committed 3456K, reserved 1048576K
GC Heap History (10 events):
Event: 6.895 GC heap after
Heap after GC invocations=4 (full 0):
 PSYoungGen      total 93184K, used 7136K [0x0000000788400000, 0x000000078e600000, 0x00000007c0000000)
  eden space 86016K, 0% used [0x0000000788400000,0x0000000788400000,0x000000078d800000)
  from space 7168K, 99% used [0x000000078df00000,0x000000078e5f8020,0x000000078e600000)
  to   space 7168K, 0% used [0x000000078d800000,0x000000078d800000,0x000000078df00000)
 ParOldGen       total 114688K, used 9571K [0x0000000718c00000, 0x000000071fc00000, 0x0000000788400000)
  object space 114688K, 8% used [0x0000000718c00000,0x0000000719558f88,0x000000071fc00000)
 Metaspace       used 15400K, capacity 15628K, committed 15872K, reserved 1062912K
  class space    used 1847K, capacity 1946K, committed 2048K, reserved 1048576K
}
Event: 8.178 GC heap before
{Heap before GC invocations=5 (full 0):
 PSYoungGen      total 93184K, used 58899K [0x0000000788400000, 0x000000078e600000, 0x00000007c0000000)
  eden space 86016K, 60% used [0x0000000788400000,0x000000078b68cda0,0x000000078d800000)
  from space 7168K, 99% used [0x000000078df00000,0x000000078e5f8020,0x000000078e600000)
  to   space 7168K, 0% used [0x000000078d800000,0x000000078d800000,0x000000078df00000)
 ParOldGen       total 114688K, used 9571K [0x0000000718c00000, 0x000000071fc00000, 0x0000000788400000)
  object space 114688K, 8% used [0x0000000718c00000,0x0000000719558f88,0x000000071fc00000)
 Metaspace       used 20697K, capacity 21036K, committed 21296K, reserved 1069056K
  class space    used 2458K, capacity 2610K, committed 2688K, reserved 1048576K
Event: 8.208 GC heap after
Heap after GC invocations=5 (full 0):
 PSYoungGen      total 93184K, used 7136K [0x0000000788400000, 0x0000000794b00000, 0x00000007c0000000)
  eden space 86016K, 0% used [0x0000000788400000,0x0000000788400000,0x000000078d800000)
  from space 7168K, 99% used [0x000000078d800000,0x000000078def8030,0x000000078df00000)
  to   space 15872K, 0% used [0x0000000793b80000,0x0000000793b80000,0x0000000794b00000)
 ParOldGen       total 114688K, used 17317K [0x0000000718c00000, 0x000000071fc00000, 0x0000000788400000)
  object space 114688K, 15% used [0x0000000718c00000,0x0000000719ce97c8,0x000000071fc00000)
 Metaspace       used 20697K, capacity 21036K, committed 21296K, reserved 1069056K
  class space    used 2458K, capacity 2610K, committed 2688K, reserved 1048576K
}
Event: 8.208 GC heap before
{Heap before GC invocations=6 (full 1):
 PSYoungGen      total 93184K, used 7136K [0x0000000788400000, 0x0000000794b00000, 0x00000007c0000000)
  eden space 86016K, 0% used [0x0000000788400000,0x0000000788400000,0x000000078d800000)
  from space 7168K, 99% used [0x000000078d800000,0x000000078def8030,0x000000078df00000)
  to   space 15872K, 0% used [0x0000000793b80000,0x0000000793b80000,0x0000000794b00000)
 ParOldGen       total 114688K, used 17317K [0x0000000718c00000, 0x000000071fc00000, 0x0000000788400000)
  object space 114688K, 15% used [0x0000000718c00000,0x0000000719ce97c8,0x000000071fc00000)
 Metaspace       used 20697K, capacity 21036K, committed 21296K, reserved 1069056K
  class space    used 2458K, capacity 2610K, committed 2688K, reserved 1048576K
Event: 8.331 GC heap after
Heap after GC invocations=6 (full 1):
 PSYoungGen      total 93184K, used 0K [0x0000000788400000, 0x0000000794b00000, 0x00000007c0000000)
  eden space 86016K, 0% used [0x0000000788400000,0x0000000788400000,0x000000078d800000)
  from space 7168K, 0% used [0x000000078d800000,0x000000078d800000,0x000000078df00000)
  to   space 15872K, 0% used [0x0000000793b80000,0x0000000793b80000,0x0000000794b00000)
 ParOldGen       total 91648K, used 20755K [0x0000000718c00000, 0x000000071e580000, 0x0000000788400000)
  object space 91648K, 22% used [0x0000000718c00000,0x000000071a044d88,0x000000071e580000)
 Metaspace       used 20697K, capacity 21036K, committed 21296K, reserved 1069056K
  class space    used 2458K, capacity 2610K, committed 2688K, reserved 1048576K
}
Event: 11.926 GC heap before
{Heap before GC invocations=7 (full 1):
 PSYoungGen      total 93184K, used 86016K [0x0000000788400000, 0x0000000794b00000, 0x00000007c0000000)
  eden space 86016K, 100% used [0x0000000788400000,0x000000078d800000,0x000000078d800000)
  from space 7168K, 0% used [0x000000078d800000,0x000000078d800000,0x000000078df00000)
  to   space 15872K, 0% used [0x0000000793b80000,0x0000000793b80000,0x0000000794b00000)
 ParOldGen       total 91648K, used 20755K [0x0000000718c00000, 0x000000071e580000, 0x0000000788400000)
  object space 91648K, 22% used [0x0000000718c00000,0x000000071a044d88,0x000000071e580000)
 Metaspace       used 21470K, capacity 21878K, committed 22064K, reserved 1069056K
  class space    used 2494K, capacity 2649K, committed 2688K, reserved 1048576K
Event: 11.936 GC heap after
Heap after GC invocations=7 (full 1):
 PSYoungGen      total 135680K, used 5457K [0x0000000788400000, 0x0000000794100000, 0x00000007c0000000)
  eden space 130048K, 0% used [0x0000000788400000,0x0000000788400000,0x0000000790300000)
  from space 5632K, 96% used [0x0000000793b80000,0x00000007940d46a0,0x0000000794100000)
  to   space 16384K, 0% used [0x0000000792100000,0x0000000792100000,0x0000000793100000)
 ParOldGen       total 91648K, used 20763K [0x0000000718c00000, 0x000000071e580000, 0x0000000788400000)
  object space 91648K, 22% used [0x0000000718c00000,0x000000071a046d88,0x000000071e580000)
 Metaspace       used 21470K, capacity 21878K, committed 22064K, reserved 1069056K
  class space    used 2494K, capacity 2649K, committed 2688K, reserved 1048576K
}
Event: 20.978 GC heap before
{Heap before GC invocations=8 (full 1):
 PSYoungGen      total 135680K, used 135505K [0x0000000788400000, 0x0000000794100000, 0x00000007c0000000)
  eden space 130048K, 100% used [0x0000000788400000,0x0000000790300000,0x0000000790300000)
  from space 5632K, 96% used [0x0000000793b80000,0x00000007940d46a0,0x0000000794100000)
  to   space 16384K, 0% used [0x0000000792100000,0x0000000792100000,0x0000000793100000)
 ParOldGen       total 91648K, used 20763K [0x0000000718c00000, 0x000000071e580000, 0x0000000788400000)
  object space 91648K, 22% used [0x0000000718c00000,0x000000071a046d88,0x000000071e580000)
 Metaspace       used 27109K, capacity 27664K, committed 28032K, reserved 1073152K
  class space    used 3197K, capacity 3386K, committed 3456K, reserved 1048576K
Event: 20.995 GC heap after
Heap after GC invocations=8 (full 1):
 PSYoungGen      total 177152K, used 16375K [0x0000000788400000, 0x0000000796300000, 0x00000007c0000000)
  eden space 160768K, 0% used [0x0000000788400000,0x0000000788400000,0x0000000792100000)
  from space 16384K, 99% used [0x0000000792100000,0x00000007930fdcd0,0x0000000793100000)
  to   space 19968K, 0% used [0x0000000794f80000,0x0000000794f80000,0x0000000796300000)
 ParOldGen       total 91648K, used 22415K [0x0000000718c00000, 0x000000071e580000, 0x0000000788400000)
  object space 91648K, 24% used [0x0000000718c00000,0x000000071a1e3d20,0x000000071e580000)
 Metaspace       used 27109K, capacity 27664K, committed 28032K, reserved 1073152K
  class space    used 3197K, capacity 3386K, committed 3456K, reserved 1048576K
}
Event: 24.261 GC heap before
{Heap before GC invocations=9 (full 1):
 PSYoungGen      total 177152K, used 177143K [0x0000000788400000, 0x0000000796300000, 0x00000007c0000000)
  eden space 160768K, 100% used [0x0000000788400000,0x0000000792100000,0x0000000792100000)
  from space 16384K, 99% used [0x0000000792100000,0x00000007930fdcd0,0x0000000793100000)
  to   space 19968K, 0% used [0x0000000794f80000,0x0000000794f80000,0x0000000796300000)
 ParOldGen       total 91648K, used 22415K [0x0000000718c00000, 0x000000071e580000, 0x0000000788400000)
  object space 91648K, 24% used [0x0000000718c00000,0x000000071a1e3d20,0x000000071e580000)
 Metaspace       used 28257K, capacity 28868K, committed 29056K, reserved 1075200K
  class space    used 3256K, capacity 3422K, committed 3456K, reserved 1048576K

