# JRE version: Java(TM) SE Runtime Environment (8.0_101-b13) (build 1.8.0_101-b13)
# Java VM: Java HotSpot(TM) 64-Bit Server VM (25.101-b13 mixed mode linux-amd64 compressed oops)
Heap:
 PSYoungGen      total 821760K, used 10288K [0x0000000788900000, 0x00000007bcb80000, 0x00000007c0000000)
  eden space 796672K, 0% used [0x0000000788900000,0x0000000788900000,0x00000007b9300000)
  from space 25088K, 41% used [0x00000007b9300000,0x00000007b9d0c010,0x00000007bab80000)
  to   space 26112K, 0% used [0x00000007bab80000,0x00000007bab80000,0x00000007bc500000)
 ParOldGen       total 252416K, used 93871K [0x0000000719a00000, 0x0000000729080000, 0x0000000788900000)
  object space 252416K, 37% used [0x0000000719a00000,0x000000071f5abe98,0x0000000729080000)
 Metaspace       used 52015K, capacity 52622K, committed 52992K, reserved 1095680K
  class space    used 6469K, capacity 6589K, committed 6656K, reserved 1048576K
GC Heap History (10 events):
Event: 10850.724 GC heap after
Heap after GC invocations=464 (full 4):
 PSYoungGen      total 771072K, used 2928K [0x0000000788900000, 0x00000007b9d80000, 0x00000007c0000000)
  eden space 750080K, 0% used [0x0000000788900000,0x0000000788900000,0x00000007b6580000)
  from space 20992K, 13% used [0x00000007b8900000,0x00000007b8bdc010,0x00000007b9d80000)
  to   space 28672K, 0% used [0x00000007b6580000,0x00000007b6580000,0x00000007b8180000)
 ParOldGen       total 252416K, used 93871K [0x0000000719a00000, 0x0000000729080000, 0x0000000788900000)
  object space 252416K, 37% used [0x0000000719a00000,0x000000071f5abe98,0x0000000729080000)
 Metaspace       used 52014K, capacity 52622K, committed 52992K, reserved 1095680K
  class space    used 6469K, capacity 6589K, committed 6656K, reserved 1048576K
}
Event: 10868.597 GC heap before
{Heap before GC invocations=465 (full 4):
 PSYoungGen      total 771072K, used 753008K [0x0000000788900000, 0x00000007b9d80000, 0x00000007c0000000)
  eden space 750080K, 100% used [0x0000000788900000,0x00000007b6580000,0x00000007b6580000)
  from space 20992K, 13% used [0x00000007b8900000,0x00000007b8bdc010,0x00000007b9d80000)
  to   space 28672K, 0% used [0x00000007b6580000,0x00000007b6580000,0x00000007b8180000)
 ParOldGen       total 252416K, used 93871K [0x0000000719a00000, 0x0000000729080000, 0x0000000788900000)
  object space 252416K, 37% used [0x0000000719a00000,0x000000071f5abe98,0x0000000729080000)
 Metaspace       used 52015K, capacity 52622K, committed 52992K, reserved 1095680K
  class space    used 6469K, capacity 6589K, committed 6656K, reserved 1048576K
Event: 10868.609 GC heap after
Heap after GC invocations=465 (full 4):
 PSYoungGen      total 778752K, used 6224K [0x0000000788900000, 0x00000007bb600000, 0x00000007c0000000)
  eden space 750080K, 0% used [0x0000000788900000,0x0000000788900000,0x00000007b6580000)
  from space 28672K, 21% used [0x00000007b6580000,0x00000007b6b94010,0x00000007b8180000)
  to   space 27648K, 0% used [0x00000007b9b00000,0x00000007b9b00000,0x00000007bb600000)
 ParOldGen       total 252416K, used 93871K [0x0000000719a00000, 0x0000000729080000, 0x0000000788900000)
  object space 252416K, 37% used [0x0000000719a00000,0x000000071f5abe98,0x0000000729080000)
 Metaspace       used 52015K, capacity 52622K, committed 52992K, reserved 1095680K
  class space    used 6469K, capacity 6589K, committed 6656K, reserved 1048576K
}
Event: 10878.298 GC heap before
{Heap before GC invocations=466 (full 4):
 PSYoungGen      total 778752K, used 756304K [0x0000000788900000, 0x00000007bb600000, 0x00000007c0000000)
  eden space 750080K, 100% used [0x0000000788900000,0x00000007b6580000,0x00000007b6580000)
  from space 28672K, 21% used [0x00000007b6580000,0x00000007b6b94010,0x00000007b8180000)
  to   space 27648K, 0% used [0x00000007b9b00000,0x00000007b9b00000,0x00000007bb600000)
 ParOldGen       total 252416K, used 93871K [0x0000000719a00000, 0x0000000729080000, 0x0000000788900000)
  object space 252416K, 37% used [0x0000000719a00000,0x000000071f5abe98,0x0000000729080000)
 Metaspace       used 52015K, capacity 52622K, committed 52992K, reserved 1095680K
  class space    used 6469K, capacity 6589K, committed 6656K, reserved 1048576K
Event: 10878.335 GC heap after
Heap after GC invocations=466 (full 4):
 PSYoungGen      total 796672K, used 9968K [0x0000000788900000, 0x00000007bb080000, 0x00000007c0000000)
  eden space 774656K, 0% used [0x0000000788900000,0x0000000788900000,0x00000007b7d80000)
  from space 22016K, 45% used [0x00000007b9b00000,0x00000007ba4bc010,0x00000007bb080000)
  to   space 26112K, 0% used [0x00000007b7d80000,0x00000007b7d80000,0x00000007b9700000)
 ParOldGen       total 252416K, used 93871K [0x0000000719a00000, 0x0000000729080000, 0x0000000788900000)
  object space 252416K, 37% used [0x0000000719a00000,0x000000071f5abe98,0x0000000729080000)
 Metaspace       used 52015K, capacity 52622K, committed 52992K, reserved 1095680K
  class space    used 6469K, capacity 6589K, committed 6656K, reserved 1048576K
}
Event: 10905.136 GC heap before
{Heap before GC invocations=467 (full 4):
 PSYoungGen      total 796672K, used 784624K [0x0000000788900000, 0x00000007bb080000, 0x00000007c0000000)
  eden space 774656K, 100% used [0x0000000788900000,0x00000007b7d80000,0x00000007b7d80000)
  from space 22016K, 45% used [0x00000007b9b00000,0x00000007ba4bc010,0x00000007bb080000)
  to   space 26112K, 0% used [0x00000007b7d80000,0x00000007b7d80000,0x00000007b9700000)
 ParOldGen       total 252416K, used 93871K [0x0000000719a00000, 0x0000000729080000, 0x0000000788900000)
  object space 252416K, 37% used [0x0000000719a00000,0x000000071f5abe98,0x0000000729080000)
 Metaspace       used 52015K, capacity 52622K, committed 52992K, reserved 1095680K
  class space    used 6469K, capacity 6589K, committed 6656K, reserved 1048576K
Event: 10905.190 GC heap after
Heap after GC invocations=467 (full 4):
 PSYoungGen      total 800768K, used 944K [0x0000000788900000, 0x00000007bc500000, 0x00000007c0000000)
  eden space 774656K, 0% used [0x0000000788900000,0x0000000788900000,0x00000007b7d80000)
  from space 26112K, 3% used [0x00000007b7d80000,0x00000007b7e6c010,0x00000007b9700000)
  to   space 26112K, 0% used [0x00000007bab80000,0x00000007bab80000,0x00000007bc500000)
 ParOldGen       total 252416K, used 93871K [0x0000000719a00000, 0x0000000729080000, 0x0000000788900000)
  object space 252416K, 37% used [0x0000000719a00000,0x000000071f5abe98,0x0000000729080000)
 Metaspace       used 52015K, capacity 52622K, committed 52992K, reserved 1095680K
  class space    used 6469K, capacity 6589K, committed 6656K, reserved 1048576K
}
Event: 10922.694 GC heap before
{Heap before GC invocations=468 (full 4):
 PSYoungGen      total 800768K, used 775600K [0x0000000788900000, 0x00000007bc500000, 0x00000007c0000000)
  eden space 774656K, 100% used [0x0000000788900000,0x00000007b7d80000,0x00000007b7d80000)
  from space 26112K, 3% used [0x00000007b7d80000,0x00000007b7e6c010,0x00000007b9700000)
  to   space 26112K, 0% used [0x00000007bab80000,0x00000007bab80000,0x00000007bc500000)
 ParOldGen       total 252416K, used 93871K [0x0000000719a00000, 0x0000000729080000, 0x0000000788900000)
  object space 252416K, 37% used [0x0000000719a00000,0x000000071f5abe98,0x0000000729080000)
 Metaspace       used 52015K, capacity 52622K, committed 52992K, reserved 1095680K
  class space    used 6469K, capacity 6589K, committed 6656K, reserved 1048576K
Event: 10923.108 GC heap after
Heap after GC invocations=468 (full 4):
 PSYoungGen      total 822784K, used 5104K [0x0000000788900000, 0x00000007bcb80000, 0x00000007c0000000)
  eden space 796672K, 0% used [0x0000000788900000,0x0000000788900000,0x00000007b9300000)
  from space 26112K, 19% used [0x00000007bab80000,0x00000007bb07c010,0x00000007bc500000)
  to   space 25088K, 0% used [0x00000007b9300000,0x00000007b9300000,0x00000007bab80000)
 ParOldGen       total 252416K, used 93871K [0x0000000719a00000, 0x0000000729080000, 0x0000000788900000)
  object space 252416K, 37% used [0x0000000719a00000,0x000000071f5abe98,0x0000000729080000)
 Metaspace       used 52015K, capacity 52622K, committed 52992K, reserved 1095680K
  class space    used 6469K, capacity 6589K, committed 6656K, reserved 1048576K
}
Event: 10952.838 GC heap before
{Heap before GC invocations=469 (full 4):
 PSYoungGen      total 822784K, used 801776K [0x0000000788900000, 0x00000007bcb80000, 0x00000007c0000000)
  eden space 796672K, 100% used [0x0000000788900000,0x00000007b9300000,0x00000007b9300000)
  from space 26112K, 19% used [0x00000007bab80000,0x00000007bb07c010,0x00000007bc500000)
  to   space 25088K, 0% used [0x00000007b9300000,0x00000007b9300000,0x00000007bab80000)
 ParOldGen       total 252416K, used 93871K [0x0000000719a00000, 0x0000000729080000, 0x0000000788900000)
  object space 252416K, 37% used [0x0000000719a00000,0x000000071f5abe98,0x0000000729080000)
 Metaspace       used 52015K, capacity 52622K, committed 52992K, reserved 1095680K
  class space    used 6469K, capacity 6589K, committed 6656K, reserved 1048576K

