# JRE version: Java(TM) SE Runtime Environment (8.0_101-b13) (build 1.8.0_101-b13)
# Java VM: Java HotSpot(TM) 64-Bit Server VM (25.101-b13 mixed mode linux-amd64 compressed oops)
Heap:
 PSYoungGen      total 179712K, used 18424K [0x0000000788400000, 0x0000000794880000, 0x00000007c0000000)
  eden space 161280K, 0% used [0x0000000788400000,0x0000000788400000,0x0000000792180000)
  from space 18432K, 99% used [0x0000000793680000,0x000000079487e3a8,0x0000000794880000)
  to   space 16384K, 0% used [0x0000000792180000,0x0000000792180000,0x0000000793180000)
 ParOldGen       total 97280K, used 58614K [0x0000000718c00000, 0x000000071eb00000, 0x0000000788400000)
  object space 97280K, 60% used [0x0000000718c00000,0x000000071c53d9e8,0x000000071eb00000)
 Metaspace       used 28256K, capacity 28868K, committed 29056K, reserved 1075200K
  class space    used 3256K, capacity 3422K, committed 3456K, reserved 1048576K
GC Heap History (10 events):
Event: 4.890 GC heap after
Heap after GC invocations=4 (full 0):
 PSYoungGen      total 93184K, used 7152K [0x0000000788400000, 0x000000078e600000, 0x00000007c0000000)
  eden space 86016K, 0% used [0x0000000788400000,0x0000000788400000,0x000000078d800000)
  from space 7168K, 99% used [0x000000078df00000,0x000000078e5fc010,0x000000078e600000)
  to   space 7168K, 0% used [0x000000078d800000,0x000000078d800000,0x000000078df00000)
 ParOldGen       total 114688K, used 8985K [0x0000000718c00000, 0x000000071fc00000, 0x0000000788400000)
  object space 114688K, 7% used [0x0000000718c00000,0x00000007194c67d0,0x000000071fc00000)
 Metaspace       used 15402K, capacity 15628K, committed 15872K, reserved 1062912K
  class space    used 1846K, capacity 1946K, committed 2048K, reserved 1048576K
}
Event: 7.162 GC heap before
{Heap before GC invocations=5 (full 0):
 PSYoungGen      total 93184K, used 60606K [0x0000000788400000, 0x000000078e600000, 0x00000007c0000000)
  eden space 86016K, 62% used [0x0000000788400000,0x000000078b833a30,0x000000078d800000)
  from space 7168K, 99% used [0x000000078df00000,0x000000078e5fc010,0x000000078e600000)
  to   space 7168K, 0% used [0x000000078d800000,0x000000078d800000,0x000000078df00000)
 ParOldGen       total 114688K, used 8985K [0x0000000718c00000, 0x000000071fc00000, 0x0000000788400000)
  object space 114688K, 7% used [0x0000000718c00000,0x00000007194c67d0,0x000000071fc00000)
 Metaspace       used 20659K, capacity 21036K, committed 21296K, reserved 1069056K
  class space    used 2454K, capacity 2610K, committed 2688K, reserved 1048576K
Event: 7.195 GC heap after
Heap after GC invocations=5 (full 0):
 PSYoungGen      total 93184K, used 7152K [0x0000000788400000, 0x0000000794b00000, 0x00000007c0000000)
  eden space 86016K, 0% used [0x0000000788400000,0x0000000788400000,0x000000078d800000)
  from space 7168K, 99% used [0x000000078d800000,0x000000078defc040,0x000000078df00000)
  to   space 15872K, 0% used [0x0000000793b80000,0x0000000793b80000,0x0000000794b00000)
 ParOldGen       total 114688K, used 16670K [0x0000000718c00000, 0x000000071fc00000, 0x0000000788400000)
  object space 114688K, 14% used [0x0000000718c00000,0x0000000719c478a0,0x000000071fc00000)
 Metaspace       used 20659K, capacity 21036K, committed 21296K, reserved 1069056K
  class space    used 2454K, capacity 2610K, committed 2688K, reserved 1048576K
}
Event: 7.195 GC heap before
{Heap before GC invocations=6 (full 1):
 PSYoungGen      total 93184K, used 7152K [0x0000000788400000, 0x0000000794b00000, 0x00000007c0000000)
  eden space 86016K, 0% used [0x0000000788400000,0x0000000788400000,0x000000078d800000)
  from space 7168K, 99% used [0x000000078d800000,0x000000078defc040,0x000000078df00000)
  to   space 15872K, 0% used [0x0000000793b80000,0x0000000793b80000,0x0000000794b00000)
 ParOldGen       total 114688K, used 16670K [0x0000000718c00000, 0x000000071fc00000, 0x0000000788400000)
  object space 114688K, 14% used [0x0000000718c00000,0x0000000719c478a0,0x000000071fc00000)
 Metaspace       used 20659K, capacity 21036K, committed 21296K, reserved 1069056K
  class space    used 2454K, capacity 2610K, committed 2688K, reserved 1048576K
Event: 7.333 GC heap after
Heap after GC invocations=6 (full 1):
 PSYoungGen      total 93184K, used 0K [0x0000000788400000, 0x0000000794b00000, 0x00000007c0000000)
  eden space 86016K, 0% used [0x0000000788400000,0x0000000788400000,0x000000078d800000)
  from space 7168K, 0% used [0x000000078d800000,0x000000078d800000,0x000000078df00000)
  to   space 15872K, 0% used [0x0000000793b80000,0x0000000793b80000,0x0000000794b00000)
 ParOldGen       total 97280K, used 21176K [0x0000000718c00000, 0x000000071eb00000, 0x0000000788400000)
  object space 97280K, 21% used [0x0000000718c00000,0x000000071a0ae250,0x000000071eb00000)
 Metaspace       used 20659K, capacity 21036K, committed 21296K, reserved 1069056K
  class space    used 2454K, capacity 2610K, committed 2688K, reserved 1048576K
}
Event: 9.466 GC heap before
{Heap before GC invocations=7 (full 1):
 PSYoungGen      total 93184K, used 86016K [0x0000000788400000, 0x0000000794b00000, 0x00000007c0000000)
  eden space 86016K, 100% used [0x0000000788400000,0x000000078d800000,0x000000078d800000)
  from space 7168K, 0% used [0x000000078d800000,0x000000078d800000,0x000000078df00000)
  to   space 15872K, 0% used [0x0000000793b80000,0x0000000793b80000,0x0000000794b00000)
 ParOldGen       total 97280K, used 21176K [0x0000000718c00000, 0x000000071eb00000, 0x0000000788400000)
  object space 97280K, 21% used [0x0000000718c00000,0x000000071a0ae250,0x000000071eb00000)
 Metaspace       used 21462K, capacity 21878K, committed 22064K, reserved 1069056K
  class space    used 2495K, capacity 2649K, committed 2688K, reserved 1048576K
Event: 9.478 GC heap after
Heap after GC invocations=7 (full 1):
 PSYoungGen      total 126464K, used 5796K [0x0000000788400000, 0x0000000794180000, 0x00000007c0000000)
  eden space 120320K, 0% used [0x0000000788400000,0x0000000788400000,0x000000078f980000)
  from space 6144K, 94% used [0x0000000793b80000,0x0000000794129180,0x0000000794180000)
  to   space 16384K, 0% used [0x0000000792180000,0x0000000792180000,0x0000000793180000)
 ParOldGen       total 97280K, used 21184K [0x0000000718c00000, 0x000000071eb00000, 0x0000000788400000)
  object space 97280K, 21% used [0x0000000718c00000,0x000000071a0b0250,0x000000071eb00000)
 Metaspace       used 21462K, capacity 21878K, committed 22064K, reserved 1069056K
  class space    used 2495K, capacity 2649K, committed 2688K, reserved 1048576K
}
Event: 15.952 GC heap before
{Heap before GC invocations=8 (full 1):
 PSYoungGen      total 126464K, used 126116K [0x0000000788400000, 0x0000000794180000, 0x00000007c0000000)
  eden space 120320K, 100% used [0x0000000788400000,0x000000078f980000,0x000000078f980000)
  from space 6144K, 94% used [0x0000000793b80000,0x0000000794129180,0x0000000794180000)
  to   space 16384K, 0% used [0x0000000792180000,0x0000000792180000,0x0000000793180000)
 ParOldGen       total 97280K, used 21184K [0x0000000718c00000, 0x000000071eb00000, 0x0000000788400000)
  object space 97280K, 21% used [0x0000000718c00000,0x000000071a0b0250,0x000000071eb00000)
 Metaspace       used 26580K, capacity 27184K, committed 27520K, reserved 1073152K
  class space    used 3164K, capacity 3354K, committed 3456K, reserved 1048576K
Event: 16.014 GC heap after
Heap after GC invocations=8 (full 1):
 PSYoungGen      total 177664K, used 16123K [0x0000000788400000, 0x0000000794880000, 0x00000007c0000000)
  eden space 161280K, 0% used [0x0000000788400000,0x0000000788400000,0x0000000792180000)
  from space 16384K, 98% used [0x0000000792180000,0x000000079313ee68,0x0000000793180000)
  to   space 18432K, 0% used [0x0000000793680000,0x0000000793680000,0x0000000794880000)
 ParOldGen       total 97280K, used 21192K [0x0000000718c00000, 0x000000071eb00000, 0x0000000788400000)
  object space 97280K, 21% used [0x0000000718c00000,0x000000071a0b2250,0x000000071eb00000)
 Metaspace       used 26580K, capacity 27184K, committed 27520K, reserved 1073152K
  class space    used 3164K, capacity 3354K, committed 3456K, reserved 1048576K
}
Event: 22.042 GC heap before
{Heap before GC invocations=9 (full 1):
 PSYoungGen      total 177664K, used 177403K [0x0000000788400000, 0x0000000794880000, 0x00000007c0000000)
  eden space 161280K, 100% used [0x0000000788400000,0x0000000792180000,0x0000000792180000)
  from space 16384K, 98% used [0x0000000792180000,0x000000079313ee68,0x0000000793180000)
  to   space 18432K, 0% used [0x0000000793680000,0x0000000793680000,0x0000000794880000)
 ParOldGen       total 97280K, used 21192K [0x0000000718c00000, 0x000000071eb00000, 0x0000000788400000)
  object space 97280K, 21% used [0x0000000718c00000,0x000000071a0b2250,0x000000071eb00000)
 Metaspace       used 28256K, capacity 28868K, committed 29056K, reserved 1075200K
  class space    used 3256K, capacity 3422K, committed 3456K, reserved 1048576K

