# JRE version: Java(TM) SE Runtime Environment (8.0_101-b13) (build 1.8.0_101-b13)
# Java VM: Java HotSpot(TM) 64-Bit Server VM (25.101-b13 mixed mode linux-amd64 compressed oops)
Heap:
 PSYoungGen      total 539648K, used 4018K [0x0000000789e00000, 0x00000007aba80000, 0x00000007c0000000)
  eden space 525824K, 0% used [0x0000000789e00000,0x0000000789e00000,0x00000007a9f80000)
  from space 13824K, 29% used [0x00000007a9f80000,0x00000007aa36cbc8,0x00000007aad00000)
  to   space 5632K, 0% used [0x00000007ab500000,0x00000007ab500000,0x00000007aba80000)
 ParOldGen       total 486912K, used 409653K [0x000000071da00000, 0x000000073b580000, 0x0000000789e00000)
  object space 486912K, 84% used [0x000000071da00000,0x0000000736a0d7d0,0x000000073b580000)
 Metaspace       used 51746K, capacity 52350K, committed 52736K, reserved 1095680K
  class space    used 6489K, capacity 6623K, committed 6656K, reserved 1048576K
GC Heap History (10 events):
Event: 220.296 GC heap after
Heap after GC invocations=20 (full 2):
 PSYoungGen      total 390144K, used 9985K [0x0000000789e00000, 0x00000007a2c80000, 0x00000007c0000000)
  eden space 379904K, 0% used [0x0000000789e00000,0x0000000789e00000,0x00000007a1100000)
  from space 10240K, 97% used [0x00000007a2280000,0x00000007a2c40538,0x00000007a2c80000)
  to   space 13824K, 0% used [0x00000007a1180000,0x00000007a1180000,0x00000007a1f00000)
 ParOldGen       total 486912K, used 403450K [0x000000071da00000, 0x000000073b580000, 0x0000000789e00000)
  object space 486912K, 82% used [0x000000071da00000,0x00000007363feba0,0x000000073b580000)
 Metaspace       used 51695K, capacity 52298K, committed 52736K, reserved 1095680K
  class space    used 6485K, capacity 6615K, committed 6656K, reserved 1048576K
}
Event: 221.963 GC heap before
{Heap before GC invocations=21 (full 2):
 PSYoungGen      total 390144K, used 389889K [0x0000000789e00000, 0x00000007a2c80000, 0x00000007c0000000)
  eden space 379904K, 100% used [0x0000000789e00000,0x00000007a1100000,0x00000007a1100000)
  from space 10240K, 97% used [0x00000007a2280000,0x00000007a2c40538,0x00000007a2c80000)
  to   space 13824K, 0% used [0x00000007a1180000,0x00000007a1180000,0x00000007a1f00000)
 ParOldGen       total 486912K, used 403450K [0x000000071da00000, 0x000000073b580000, 0x0000000789e00000)
  object space 486912K, 82% used [0x000000071da00000,0x00000007363feba0,0x000000073b580000)
 Metaspace       used 51697K, capacity 52302K, committed 52736K, reserved 1095680K
  class space    used 6485K, capacity 6615K, committed 6656K, reserved 1048576K
Event: 221.976 GC heap after
Heap after GC invocations=21 (full 2):
 PSYoungGen      total 394240K, used 7839K [0x0000000789e00000, 0x00000007a6780000, 0x00000007c0000000)
  eden space 380416K, 0% used [0x0000000789e00000,0x0000000789e00000,0x00000007a1180000)
  from space 13824K, 56% used [0x00000007a1180000,0x00000007a1927d68,0x00000007a1f00000)
  to   space 13312K, 0% used [0x00000007a5a80000,0x00000007a5a80000,0x00000007a6780000)
 ParOldGen       total 486912K, used 403458K [0x000000071da00000, 0x000000073b580000, 0x0000000789e00000)
  object space 486912K, 82% used [0x000000071da00000,0x0000000736400ba0,0x000000073b580000)
 Metaspace       used 51697K, capacity 52302K, committed 52736K, reserved 1095680K
  class space    used 6485K, capacity 6615K, committed 6656K, reserved 1048576K
}
Event: 223.723 GC heap before
{Heap before GC invocations=22 (full 2):
 PSYoungGen      total 394240K, used 388255K [0x0000000789e00000, 0x00000007a6780000, 0x00000007c0000000)
  eden space 380416K, 100% used [0x0000000789e00000,0x00000007a1180000,0x00000007a1180000)
  from space 13824K, 56% used [0x00000007a1180000,0x00000007a1927d68,0x00000007a1f00000)
  to   space 13312K, 0% used [0x00000007a5a80000,0x00000007a5a80000,0x00000007a6780000)
 ParOldGen       total 486912K, used 403458K [0x000000071da00000, 0x000000073b580000, 0x0000000789e00000)
  object space 486912K, 82% used [0x000000071da00000,0x0000000736400ba0,0x000000073b580000)
 Metaspace       used 51725K, capacity 52350K, committed 52736K, reserved 1095680K
  class space    used 6489K, capacity 6623K, committed 6656K, reserved 1048576K
Event: 223.736 GC heap after
Heap after GC invocations=22 (full 2):
 PSYoungGen      total 450048K, used 9661K [0x0000000789e00000, 0x00000007a6500000, 0x00000007c0000000)
  eden space 439296K, 0% used [0x0000000789e00000,0x0000000789e00000,0x00000007a4b00000)
  from space 10752K, 89% used [0x00000007a5a80000,0x00000007a63ef600,0x00000007a6500000)
  to   space 13312K, 0% used [0x00000007a4b00000,0x00000007a4b00000,0x00000007a5800000)
 ParOldGen       total 486912K, used 403466K [0x000000071da00000, 0x000000073b580000, 0x0000000789e00000)
  object space 486912K, 82% used [0x000000071da00000,0x0000000736402ba0,0x000000073b580000)
 Metaspace       used 51725K, capacity 52350K, committed 52736K, reserved 1095680K
  class space    used 6489K, capacity 6623K, committed 6656K, reserved 1048576K
}
Event: 225.726 GC heap before
{Heap before GC invocations=23 (full 2):
 PSYoungGen      total 450048K, used 448957K [0x0000000789e00000, 0x00000007a6500000, 0x00000007c0000000)
  eden space 439296K, 100% used [0x0000000789e00000,0x00000007a4b00000,0x00000007a4b00000)
  from space 10752K, 89% used [0x00000007a5a80000,0x00000007a63ef600,0x00000007a6500000)
  to   space 13312K, 0% used [0x00000007a4b00000,0x00000007a4b00000,0x00000007a5800000)
 ParOldGen       total 486912K, used 403466K [0x000000071da00000, 0x000000073b580000, 0x0000000789e00000)
  object space 486912K, 82% used [0x000000071da00000,0x0000000736402ba0,0x000000073b580000)
 Metaspace       used 51733K, capacity 52350K, committed 52736K, reserved 1095680K
  class space    used 6489K, capacity 6623K, committed 6656K, reserved 1048576K
Event: 225.819 GC heap after
Heap after GC invocations=23 (full 2):
 PSYoungGen      total 452608K, used 9870K [0x0000000789e00000, 0x00000007ac200000, 0x00000007c0000000)
  eden space 439296K, 0% used [0x0000000789e00000,0x0000000789e00000,0x00000007a4b00000)
  from space 13312K, 74% used [0x00000007a4b00000,0x00000007a54a3848,0x00000007a5800000)
  to   space 13312K, 0% used [0x00000007ab500000,0x00000007ab500000,0x00000007ac200000)
 ParOldGen       total 486912K, used 403474K [0x000000071da00000, 0x000000073b580000, 0x0000000789e00000)
  object space 486912K, 82% used [0x000000071da00000,0x0000000736404ba0,0x000000073b580000)
 Metaspace       used 51733K, capacity 52350K, committed 52736K, reserved 1095680K
  class space    used 6489K, capacity 6623K, committed 6656K, reserved 1048576K
}
Event: 227.960 GC heap before
{Heap before GC invocations=24 (full 2):
 PSYoungGen      total 452608K, used 449166K [0x0000000789e00000, 0x00000007ac200000, 0x00000007c0000000)
  eden space 439296K, 100% used [0x0000000789e00000,0x00000007a4b00000,0x00000007a4b00000)
  from space 13312K, 74% used [0x00000007a4b00000,0x00000007a54a3848,0x00000007a5800000)
  to   space 13312K, 0% used [0x00000007ab500000,0x00000007ab500000,0x00000007ac200000)
 ParOldGen       total 486912K, used 403474K [0x000000071da00000, 0x000000073b580000, 0x0000000789e00000)
  object space 486912K, 82% used [0x000000071da00000,0x0000000736404ba0,0x000000073b580000)
 Metaspace       used 51733K, capacity 52350K, committed 52736K, reserved 1095680K
  class space    used 6489K, capacity 6623K, committed 6656K, reserved 1048576K
Event: 227.971 GC heap after
Heap after GC invocations=24 (full 2):
 PSYoungGen      total 531456K, used 3210K [0x0000000789e00000, 0x00000007aba80000, 0x00000007c0000000)
  eden space 525824K, 0% used [0x0000000789e00000,0x0000000789e00000,0x00000007a9f80000)
  from space 5632K, 57% used [0x00000007ab500000,0x00000007ab822a28,0x00000007aba80000)
  to   space 13824K, 0% used [0x00000007a9f80000,0x00000007a9f80000,0x00000007aad00000)
 ParOldGen       total 486912K, used 409621K [0x000000071da00000, 0x000000073b580000, 0x0000000789e00000)
  object space 486912K, 84% used [0x000000071da00000,0x0000000736a057d0,0x000000073b580000)
 Metaspace       used 51733K, capacity 52350K, committed 52736K, reserved 1095680K
  class space    used 6489K, capacity 6623K, committed 6656K, reserved 1048576K
}
Event: 231.513 GC heap before
{Heap before GC invocations=25 (full 2):
 PSYoungGen      total 531456K, used 529034K [0x0000000789e00000, 0x00000007aba80000, 0x00000007c0000000)
  eden space 525824K, 100% used [0x0000000789e00000,0x00000007a9f80000,0x00000007a9f80000)
  from space 5632K, 57% used [0x00000007ab500000,0x00000007ab822a28,0x00000007aba80000)
  to   space 13824K, 0% used [0x00000007a9f80000,0x00000007a9f80000,0x00000007aad00000)
 ParOldGen       total 486912K, used 409621K [0x000000071da00000, 0x000000073b580000, 0x0000000789e00000)
  object space 486912K, 84% used [0x000000071da00000,0x0000000736a057d0,0x000000073b580000)
 Metaspace       used 51746K, capacity 52350K, committed 52736K, reserved 1095680K
  class space    used 6489K, capacity 6623K, committed 6656K, reserved 1048576K

