# JRE version: Java(TM) SE Runtime Environment (8.0_101-b13) (build 1.8.0_101-b13)
# Java VM: Java HotSpot(TM) 64-Bit Server VM (25.101-b13 mixed mode linux-amd64 compressed oops)
Heap:
 PSYoungGen      total 179200K, used 18411K [0x0000000788400000, 0x0000000795380000, 0x00000007c0000000)
  eden space 160768K, 0% used [0x0000000788400000,0x0000000788400000,0x0000000792100000)
  from space 18432K, 99% used [0x0000000794180000,0x000000079537ae18,0x0000000795380000)
  to   space 16384K, 0% used [0x0000000792100000,0x0000000792100000,0x0000000793100000)
 ParOldGen       total 93696K, used 58908K [0x0000000718c00000, 0x000000071e780000, 0x0000000788400000)
  object space 93696K, 62% used [0x0000000718c00000,0x000000071c587158,0x000000071e780000)
 Metaspace       used 28271K, capacity 29002K, committed 29312K, reserved 1075200K
  class space    used 3256K, capacity 3423K, committed 3456K, reserved 1048576K
GC Heap History (10 events):
Event: 4.640 GC heap after
Heap after GC invocations=4 (full 0):
 PSYoungGen      total 93184K, used 7136K [0x0000000788400000, 0x000000078e600000, 0x00000007c0000000)
  eden space 86016K, 0% used [0x0000000788400000,0x0000000788400000,0x000000078d800000)
  from space 7168K, 99% used [0x000000078df00000,0x000000078e5f8020,0x000000078e600000)
  to   space 7168K, 0% used [0x000000078d800000,0x000000078d800000,0x000000078df00000)
 ParOldGen       total 114688K, used 9047K [0x0000000718c00000, 0x000000071fc00000, 0x0000000788400000)
  object space 114688K, 7% used [0x0000000718c00000,0x00000007194d5cd0,0x000000071fc00000)
 Metaspace       used 15404K, capacity 15628K, committed 15872K, reserved 1062912K
  class space    used 1846K, capacity 1946K, committed 2048K, reserved 1048576K
}
Event: 6.470 GC heap before
{Heap before GC invocations=5 (full 0):
 PSYoungGen      total 93184K, used 58359K [0x0000000788400000, 0x000000078e600000, 0x00000007c0000000)
  eden space 86016K, 59% used [0x0000000788400000,0x000000078b605fc0,0x000000078d800000)
  from space 7168K, 99% used [0x000000078df00000,0x000000078e5f8020,0x000000078e600000)
  to   space 7168K, 0% used [0x000000078d800000,0x000000078d800000,0x000000078df00000)
 ParOldGen       total 114688K, used 9047K [0x0000000718c00000, 0x000000071fc00000, 0x0000000788400000)
  object space 114688K, 7% used [0x0000000718c00000,0x00000007194d5cd0,0x000000071fc00000)
 Metaspace       used 20707K, capacity 21036K, committed 21296K, reserved 1069056K
  class space    used 2461K, capacity 2610K, committed 2688K, reserved 1048576K
Event: 6.511 GC heap after
Heap after GC invocations=5 (full 0):
 PSYoungGen      total 93184K, used 7136K [0x0000000788400000, 0x0000000794b00000, 0x00000007c0000000)
  eden space 86016K, 0% used [0x0000000788400000,0x0000000788400000,0x000000078d800000)
  from space 7168K, 99% used [0x000000078d800000,0x000000078def8030,0x000000078df00000)
  to   space 15872K, 0% used [0x0000000793b80000,0x0000000793b80000,0x0000000794b00000)
 ParOldGen       total 114688K, used 16835K [0x0000000718c00000, 0x000000071fc00000, 0x0000000788400000)
  object space 114688K, 14% used [0x0000000718c00000,0x0000000719c70e58,0x000000071fc00000)
 Metaspace       used 20707K, capacity 21036K, committed 21296K, reserved 1069056K
  class space    used 2461K, capacity 2610K, committed 2688K, reserved 1048576K
}
Event: 6.511 GC heap before
{Heap before GC invocations=6 (full 1):
 PSYoungGen      total 93184K, used 7136K [0x0000000788400000, 0x0000000794b00000, 0x00000007c0000000)
  eden space 86016K, 0% used [0x0000000788400000,0x0000000788400000,0x000000078d800000)
  from space 7168K, 99% used [0x000000078d800000,0x000000078def8030,0x000000078df00000)
  to   space 15872K, 0% used [0x0000000793b80000,0x0000000793b80000,0x0000000794b00000)
 ParOldGen       total 114688K, used 16835K [0x0000000718c00000, 0x000000071fc00000, 0x0000000788400000)
  object space 114688K, 14% used [0x0000000718c00000,0x0000000719c70e58,0x000000071fc00000)
 Metaspace       used 20707K, capacity 21036K, committed 21296K, reserved 1069056K
  class space    used 2461K, capacity 2610K, committed 2688K, reserved 1048576K
Event: 6.626 GC heap after
Heap after GC invocations=6 (full 1):
 PSYoungGen      total 93184K, used 0K [0x0000000788400000, 0x0000000794b00000, 0x00000007c0000000)
  eden space 86016K, 0% used [0x0000000788400000,0x0000000788400000,0x000000078d800000)
  from space 7168K, 0% used [0x000000078d800000,0x000000078d800000,0x000000078df00000)
  to   space 15872K, 0% used [0x0000000793b80000,0x0000000793b80000,0x0000000794b00000)
 ParOldGen       total 93696K, used 20806K [0x0000000718c00000, 0x000000071e780000, 0x0000000788400000)
  object space 93696K, 22% used [0x0000000718c00000,0x000000071a051ac8,0x000000071e780000)
 Metaspace       used 20707K, capacity 21036K, committed 21296K, reserved 1069056K
  class space    used 2461K, capacity 2610K, committed 2688K, reserved 1048576K
}
Event: 8.955 GC heap before
{Heap before GC invocations=7 (full 1):
 PSYoungGen      total 93184K, used 86016K [0x0000000788400000, 0x0000000794b00000, 0x00000007c0000000)
  eden space 86016K, 100% used [0x0000000788400000,0x000000078d800000,0x000000078d800000)
  from space 7168K, 0% used [0x000000078d800000,0x000000078d800000,0x000000078df00000)
  to   space 15872K, 0% used [0x0000000793b80000,0x0000000793b80000,0x0000000794b00000)
 ParOldGen       total 93696K, used 20806K [0x0000000718c00000, 0x000000071e780000, 0x0000000788400000)
  object space 93696K, 22% used [0x0000000718c00000,0x000000071a051ac8,0x000000071e780000)
 Metaspace       used 21451K, capacity 21808K, committed 22064K, reserved 1069056K
  class space    used 2494K, capacity 2648K, committed 2688K, reserved 1048576K
Event: 8.965 GC heap after
Heap after GC invocations=7 (full 1):
 PSYoungGen      total 130560K, used 5552K [0x0000000788400000, 0x0000000794100000, 0x00000007c0000000)
  eden space 124928K, 0% used [0x0000000788400000,0x0000000788400000,0x000000078fe00000)
  from space 5632K, 98% used [0x0000000793b80000,0x00000007940ec240,0x0000000794100000)
  to   space 16384K, 0% used [0x0000000792100000,0x0000000792100000,0x0000000793100000)
 ParOldGen       total 93696K, used 20814K [0x0000000718c00000, 0x000000071e780000, 0x0000000788400000)
  object space 93696K, 22% used [0x0000000718c00000,0x000000071a053ac8,0x000000071e780000)
 Metaspace       used 21451K, capacity 21808K, committed 22064K, reserved 1069056K
  class space    used 2494K, capacity 2648K, committed 2688K, reserved 1048576K
}
Event: 15.397 GC heap before
{Heap before GC invocations=8 (full 1):
 PSYoungGen      total 130560K, used 130480K [0x0000000788400000, 0x0000000794100000, 0x00000007c0000000)
  eden space 124928K, 100% used [0x0000000788400000,0x000000078fe00000,0x000000078fe00000)
  from space 5632K, 98% used [0x0000000793b80000,0x00000007940ec240,0x0000000794100000)
  to   space 16384K, 0% used [0x0000000792100000,0x0000000792100000,0x0000000793100000)
 ParOldGen       total 93696K, used 20814K [0x0000000718c00000, 0x000000071e780000, 0x0000000788400000)
  object space 93696K, 22% used [0x0000000718c00000,0x000000071a053ac8,0x000000071e780000)
 Metaspace       used 26629K, capacity 27318K, committed 27520K, reserved 1073152K
  class space    used 3168K, capacity 3355K, committed 3456K, reserved 1048576K
Event: 15.426 GC heap after
Heap after GC invocations=8 (full 1):
 PSYoungGen      total 177152K, used 16185K [0x0000000788400000, 0x0000000795380000, 0x00000007c0000000)
  eden space 160768K, 0% used [0x0000000788400000,0x0000000788400000,0x0000000792100000)
  from space 16384K, 98% used [0x0000000792100000,0x00000007930ce6d0,0x0000000793100000)
  to   space 18432K, 0% used [0x0000000794180000,0x0000000794180000,0x0000000795380000)
 ParOldGen       total 93696K, used 20822K [0x0000000718c00000, 0x000000071e780000, 0x0000000788400000)
  object space 93696K, 22% used [0x0000000718c00000,0x000000071a055ac8,0x000000071e780000)
 Metaspace       used 26629K, capacity 27318K, committed 27520K, reserved 1073152K
  class space    used 3168K, capacity 3355K, committed 3456K, reserved 1048576K
}
Event: 18.576 GC heap before
{Heap before GC invocations=9 (full 1):
 PSYoungGen      total 177152K, used 176953K [0x0000000788400000, 0x0000000795380000, 0x00000007c0000000)
  eden space 160768K, 100% used [0x0000000788400000,0x0000000792100000,0x0000000792100000)
  from space 16384K, 98% used [0x0000000792100000,0x00000007930ce6d0,0x0000000793100000)
  to   space 18432K, 0% used [0x0000000794180000,0x0000000794180000,0x0000000795380000)
 ParOldGen       total 93696K, used 20822K [0x0000000718c00000, 0x000000071e780000, 0x0000000788400000)
  object space 93696K, 22% used [0x0000000718c00000,0x000000071a055ac8,0x000000071e780000)
 Metaspace       used 28271K, capacity 29002K, committed 29312K, reserved 1075200K
  class space    used 3256K, capacity 3423K, committed 3456K, reserved 1048576K

